<?xml version="1.0" encoding="UTF-8"?>
<!-- Generated by org.testng.reporters.JUnitReportReporter -->
<testsuite hostname="SUPERFAST" name="runnerFiles.Regression_Core_FeatureRunner" tests="2" failures="0" timestamp="20 Mar 2017 17:04:56 GMT" time="74.826" errors="0">
  <testcase name="feature" time="0.078" classname="runnerFiles.Regression_Core_FeatureRunner"/>
  <testcase name="feature" time="74.748" classname="runnerFiles.Regression_Core_FeatureRunner"/>
</testsuite> <!-- runnerFiles.Regression_Core_FeatureRunner -->
